RBLogLikelihood	Prior	alpha	er.1.	er.2.	er.3.	er.4.	er.5.	er.6.	pi.1.	pi.2.	pi.3.	pi.4.	sr.1.	sr.2.	sr.3.	sr.4.	LHLogLikelihood	LogWeight	VGene	V5pDel	V3pDel	VFwkInsertion	VDInsertion	DGene	D5pDel	D3pDel	DJInsertion	JGene	J5pDel	J3pDel	JFwkInsertion
-6098.81	68.4452	0.460279	1.20262	2.97099	1.07791	1.08836	1.39642	0.862103	0.196108	0.320478	0.207458	0.275955	0.0262836	0.225196	0.789067	2.95945	-5633.68	465.133	IGHV1-46*01	0	0		CG	IGHD1-26*01	7	6	GGAGGGGAGTTTACTCC	IGHJ4*02	3	0	
-6126.23	83.8268	0.483843	1.20262	2.97099	1.07791	1.08836	1.39642	0.862103	0.196108	0.320478	0.207458	0.275955	0.0304336	0.241237	0.808147	2.92018	-5661.33	464.895	IGHV1-46*01	0	3		AAGC	IGHD1-26*01	6	9	AACGGAGGGAAGCTTACTCCA	IGHJ4*02	4	0	
-6099.95	72.6294	0.548779	1.20262	2.97099	1.07791	1.08836	1.39642	0.862103	0.196108	0.320478	0.207458	0.275955	0.0427469	0.282572	0.852755	2.82193	-5635.73	464.216	IGHV1-46*01	0	0		C	IGHD1-26*01	6	8	ACGGAGGGGAGCTTGCTCCA	IGHJ4*02	4	0	
-6101.49	66.9343	0.538346	1.20262	2.97099	1.07791	1.08836	1.39642	0.862103	0.196108	0.320478	0.207458	0.275955	0.0406966	0.276214	0.846283	2.83681	-5638.78	462.711	IGHV1-46*01	0	0		C	IGHD1-26*01	6	7	CGGAGGGGAGCTTGCTCC	IGHJ4*02	3	0	
-6109.97	64.0472	0.487602	1.20262	2.97099	1.07791	1.08836	1.39642	0.862103	0.196108	0.320478	0.207458	0.275955	0.0311134	0.243745	0.811033	2.91411	-5644.56	465.412	IGHV1-46*01	0	0		C	IGHD1-26*01	6	6	GGAGGGGAGCTTACT	IGHJ4*02	1	0	
-6114.8	66.5365	0.48641	1.20262	2.97099	1.07791	1.08836	1.39642	0.862103	0.196108	0.320478	0.207458	0.275955	0.0308973	0.242951	0.810122	2.91603	-5652.02	462.782	IGHV1-46*01	0	0		C	IGHD1-26*01	6	7	CGGAGGGGAGCTTTCT	IGHJ4*02	1	0	
-6102.73	60.4541	0.547242	1.20262	2.97099	1.07791	1.08836	1.39642	0.862103	0.196108	0.320478	0.207458	0.275955	0.0424433	0.281642	0.851816	2.8241	-5640.31	462.416	IGHV1-46*01	0	1		GC	IGHD1-26*01	6	8	ACGGAGGGGAGCTTACT	IGHJ4*02	1	0	
-6112.81	66.1768	0.459057	1.20262	2.97099	1.07791	1.08836	1.39642	0.862103	0.196108	0.320478	0.207458	0.275955	0.0260739	0.224349	0.788029	2.96155	-5648.91	463.9	IGHV1-46*01	0	1		GC	IGHD1-26*01	6	6	GGAGGGGAGCTTACTCC	IGHJ4*02	3	0	
-6102.83	71.8592	0.460306	1.20262	2.97099	1.07791	1.08836	1.39642	0.862103	0.196108	0.320478	0.207458	0.275955	0.0262882	0.225215	0.78909	2.95941	-5638.81	464.02	IGHV1-46*01	0	0		C	IGHD1-26*01	6	8	ACGGAGGGGAGCTTACT	IGHJ4*02	1	0	
-6113.81	69.3704	0.511162	1.20262	2.97099	1.07791	1.08836	1.39642	0.862103	0.196108	0.320478	0.207458	0.275955	0.0354748	0.25914	0.828223	2.87716	-5647.77	466.044	IGHV1-46*01	0	2		AACG	IGHD1-26*01	7	6	GGGGGGGAGCGTACTCC	IGHJ4*02	3	0	
-6112.22	67.1384	0.596963	1.20262	2.97099	1.07791	1.08836	1.39642	0.862103	0.196108	0.320478	0.207458	0.275955	0.0524823	0.31058	0.879762	2.75718	-5646.89	465.328	IGHV1-46*01	0	0		C	IGHD1-26*01	6	6	GGAGGGGACCTTACTCC	IGHJ4*02	3	0	
-6111.85	75.4003	0.489385	1.20262	2.97099	1.07791	1.08836	1.39642	0.862103	0.196108	0.320478	0.207458	0.275955	0.0314376	0.24493	0.812389	2.91124	-5646.25	465.597	IGHV1-46*01	0	0		C	IGHD1-26*01	6	6	GGAGGGGAGCTTACTCC	IGHJ4*02	3	0	
-6108.15	73.0618	0.533885	1.20262	2.97099	1.07791	1.08836	1.39642	0.862103	0.196108	0.320478	0.207458	0.275955	0.0398271	0.273462	0.84344	2.84327	-5644.41	463.741	IGHV1-46*01	0	0		C	IGHD1-26*01	6	8	ACGGACGGGAGCTTACTCC	IGHJ4*02	3	0	
-6115	69.1766	0.391827	1.20262	2.97099	1.07791	1.08836	1.39642	0.862103	0.196108	0.320478	0.207458	0.275955	0.0155532	0.175625	0.722283	3.08654	-5650.22	464.784	IGHV1-46*01	0	0		C	IGHD1-26*01	6	7	GGGAGGGGAGCTTACTCC	IGHJ4*02	3	0	
-6103.76	58.9794	0.589629	1.20262	2.97099	1.07791	1.08836	1.39642	0.862103	0.196108	0.320478	0.207458	0.275955	0.0509763	0.306458	0.875934	2.76663	-5640.37	463.388	IGHV1-46*01	0	0			IGHD1-26*01	5	6	GGAGGGGAGCTTACTCC	IGHJ4*02	3	0	
-6118.37	86.4748	0.502248	1.20262	2.97099	1.07791	1.08836	1.39642	0.862103	0.196108	0.320478	0.207458	0.275955	0.0338051	0.253381	0.821897	2.89092	-5653.95	464.422	IGHV1-46*01	0	2		AAC	IGHD1-26*01	6	8	ACGGAGGGGAGCTGAGTCC	IGHJ4*02	3	0	
-6125.53	67.2003	0.463962	1.20262	2.97099	1.07791	1.08836	1.39642	0.862103	0.196108	0.320478	0.207458	0.275955	0.0269188	0.227739	0.792165	2.95318	-5661.95	463.582	IGHV1-46*01	0	0		CG	IGHD1-26*01	7	6	GGAGGGGAGCTTACTCC	IGHJ4*02	3	0	
-6110.84	76.3879	0.496028	1.20262	2.97099	1.07791	1.08836	1.39642	0.862103	0.196108	0.320478	0.207458	0.275955	0.0326539	0.249315	0.817357	2.90067	-5649.33	461.512	IGHV1-46*01	0	0		C	IGHD1-26*01	6	8	ACGGAGGGGAGCTTACTCCAC	IGHJ4*02	5	0	
-6117.96	88.1786	0.481618	1.20262	2.97099	1.07791	1.08836	1.39642	0.862103	0.196108	0.320478	0.207458	0.275955	0.0300334	0.239746	0.806418	2.9238	-5653.11	464.848	IGHV1-46*01	0	0		TG	IGHD1-26*01	7	9	AACGGAGGGGAGCTTACTGC	IGHJ4*02	3	0	
-6111.31	61.2992	0.489917	1.20262	2.97099	1.07791	1.08836	1.39642	0.862103	0.196108	0.320478	0.207458	0.275955	0.0315344	0.245282	0.812791	2.91039	-5647.95	463.358	IGHV1-46*01	0	0		CGT	IGHD1-26*01	8	8	ACGGAGGGGAGCTTACT	IGHJ4*02	1	0	
-6096.86	54.2935	0.612096	1.20262	2.97099	1.07791	1.08836	1.39642	0.862103	0.196108	0.320478	0.207458	0.275955	0.055612	0.318929	0.887367	2.73809	-5634.39	462.467	IGHV1-46*01	0	0		C	IGHD1-26*01	6	6	GGAGGGGAGCTTGCTCCA	IGHJ4*02	4	0	
-6132.91	89.571	0.437537	1.20262	2.97099	1.07791	1.08836	1.39642	0.862103	0.196108	0.320478	0.207458	0.275955	0.0224811	0.209199	0.768903	2.99942	-5667.62	465.293	IGHV1-46*01	0	2		AAC	IGHD1-26*01	6	6	GGAGGGGAGCTTACTCC	IGHJ4*02	3	0	
-6097.08	63.4644	0.464274	1.20262	2.97099	1.07791	1.08836	1.39642	0.862103	0.196108	0.320478	0.207458	0.275955	0.026973	0.227954	0.792426	2.95265	-5633.2	463.879	IGHV1-46*01	0	0		C	IGHD1-26*01	6	8	ACGGAGGGGAGCTTACTCC	IGHJ4*02	3	0	
-6114.85	62.1194	0.535165	1.20262	2.97099	1.07791	1.08836	1.39642	0.862103	0.196108	0.320478	0.207458	0.275955	0.0400762	0.274254	0.84426	2.84141	-5648.95	465.897	IGHV1-46*01	0	0		C	IGHD1-26*01	6	6	GGAGGGGAGCTTACTCC	IGHJ4*02	3	0	
-6115.54	70.2124	0.531895	1.20262	2.97099	1.07791	1.08836	1.39642	0.862103	0.196108	0.320478	0.207458	0.275955	0.0394409	0.272229	0.842157	2.84617	-5650.51	465.025	IGHV1-46*01	0	0		C	IGHD1-26*01	6	8	AGGGAGGGGAGCTTACT	IGHJ4*02	1	0	
-6105.91	65.3064	0.494294	1.20262	2.97099	1.07791	1.08836	1.39642	0.862103	0.196108	0.320478	0.207458	0.275955	0.032335	0.248174	0.816072	2.90342	-5641.17	464.744	IGHV1-46*01	0	0		C	IGHD1-26*01	6	6	GGAGGGGAGCTAACTCCA	IGHJ4*02	4	0	
-6102.04	65.1511	0.496801	1.20262	2.97099	1.07791	1.08836	1.39642	0.862103	0.196108	0.320478	0.207458	0.275955	0.0327964	0.249823	0.817927	2.89945	-5634.76	467.285	IGHV1-46*01	0	2		AGC	IGHD1-26*01	6	8	ACGGAGGGGAGCTTACTCC	IGHJ4*02	3	0	
-6119	68.2333	0.600916	1.20262	2.97099	1.07791	1.08836	1.39642	0.862103	0.196108	0.320478	0.207458	0.275955	0.053297	0.312781	0.881786	2.75214	-5654.3	464.701	IGHV1-46*01	0	0		C	IGHD1-26*01	6	8	ACGGAGGGGAGCTTACT	IGHJ4*02	1	0	
-6122.59	84.0921	0.441707	1.20262	2.97099	1.07791	1.08836	1.39642	0.862103	0.196108	0.320478	0.207458	0.275955	0.0231622	0.212169	0.772738	2.99193	-5659.73	462.864	IGHV1-46*01	0	0		C	IGHD1-26*01	6	8	ACGGAGGGGAGCTTACTCCA	IGHJ4*02	4	0	
-6100.89	49.4656	0.569531	1.20262	2.97099	1.07791	1.08836	1.39642	0.862103	0.196108	0.320478	0.207458	0.275955	0.046891	0.294905	0.864941	2.79326	-5636.08	464.814	IGHV1-46*01	0	2		AAC	IGHD1-26*01	6	8	ACGGAGGGGAGCTTACTCC	IGHJ4*02	3	0	
-6121.53	79.9596	0.577575	1.20262	2.97099	1.07791	1.08836	1.39642	0.862103	0.196108	0.320478	0.207458	0.275955	0.0485183	0.299575	0.869432	2.78247	-5657.17	464.361	IGHV1-46*01	0	0		C	IGHD1-26*01	6	8	ACGGAGGGGAGCTTACTCCA	IGHJ4*02	4	0	
-6108.24	64.2336	0.46934	1.20262	2.97099	1.07791	1.08836	1.39642	0.862103	0.196108	0.320478	0.207458	0.275955	0.0278557	0.231429	0.79661	2.9441	-5644.27	463.97	IGHV1-46*01	0	2		AGC	IGHD1-26*01	6	8	ACGGAGGGGAGCTTACTCCAC	IGHJ4*02	5	0	
-6117.46	82.2399	0.5107	1.20262	2.97099	1.07791	1.08836	1.39642	0.862103	0.196108	0.320478	0.207458	0.275955	0.0353877	0.258844	0.827901	2.87787	-5653.15	464.312	IGHV1-46*01	0	2		AAT	IGHD1-26*01	6	6	GGAGGGGAGCTTGCTCC	IGHJ4*02	3	0	
-6113.56	70.3681	0.552916	1.20262	2.97099	1.07791	1.08836	1.39642	0.862103	0.196108	0.320478	0.207458	0.275955	0.0435664	0.285064	0.855256	2.81611	-5648.38	465.184	IGHV1-46*01	0	1		GC	IGHD1-26*01	6	6	GGAGGGGAGCTTACTC	IGHJ4*02	2	0	
-6100.68	60.7065	0.481373	1.20262	2.97099	1.07791	1.08836	1.39642	0.862103	0.196108	0.320478	0.207458	0.275955	0.0299894	0.239582	0.806227	2.9242	-5637.62	463.056	IGHV1-46*01	0	0		C	IGHD1-26*01	6	7	CGGAGGGGAGTTTACTCCA	IGHJ4*02	4	0	
-6113.86	73.9105	0.467974	1.20262	2.97099	1.07791	1.08836	1.39642	0.862103	0.196108	0.320478	0.207458	0.275955	0.0276167	0.230495	0.79549	2.9464	-5650.21	463.654	IGHV1-46*01	0	0		CGT	IGHD1-26*01	8	6	GGAGGGGAGCTGACTCC	IGHJ4*02	3	0	
-6113.67	76.6993	0.458966	1.20262	2.97099	1.07791	1.08836	1.39642	0.862103	0.196108	0.320478	0.207458	0.275955	0.0260584	0.224286	0.787951	2.9617	-5650.46	463.207	IGHV1-46*01	0	0		C	IGHD1-26*01	6	7	CGGGGGGGAGCTTACTCCA	IGHJ4*02	4	0	
-6120.14	74.7051	0.448784	1.20262	2.97099	1.07791	1.08836	1.39642	0.862103	0.196108	0.320478	0.207458	0.275955	0.024335	0.217172	0.779103	2.97939	-5654.37	465.774	IGHV1-46*01	0	2		AGC	IGHD1-26*01	6	8	ACGGGGGGGAGCTTAATCC	IGHJ4*02	3	0	
-6111.17	84.3169	0.459937	1.20262	2.97099	1.07791	1.08836	1.39642	0.862103	0.196108	0.320478	0.207458	0.275955	0.0262249	0.224959	0.788777	2.96004	-5647.69	463.476	IGHV1-46*01	0	2		AAC	IGHD1-26*01	6	6	GGATGGGAACTGACTCCA	IGHJ4*02	4	0	
-6112.33	65.6299	0.451033	1.20262	2.97099	1.07791	1.08836	1.39642	0.862103	0.196108	0.320478	0.207458	0.275955	0.0247122	0.218753	0.781088	2.97545	-5647.77	464.555	IGHV1-46*01	0	0		C	IGHD1-26*01	6	6	GGAGGGGAGCTTAATCCA	IGHJ4*02	4	0	
-6098.33	60.37	0.458582	1.20262	2.97099	1.07791	1.08836	1.39642	0.862103	0.196108	0.320478	0.207458	0.275955	0.0259926	0.224019	0.787624	2.96236	-5635.25	463.081	IGHV1-46*01	0	0		C	IGHD1-26*01	6	6	GGAGGGGAGCTTACTCC	IGHJ4*02	3	0	
-6121.95	86.4327	0.539831	1.20262	2.97099	1.07791	1.08836	1.39642	0.862103	0.196108	0.320478	0.207458	0.275955	0.0409869	0.277125	0.847218	2.83467	-5658.17	463.781	IGHV1-46*01	0	2		AGC	IGHD1-26*01	6	9	AACGGAGGGGAGCTTACTCCA	IGHJ4*02	4	0	
-6100.67	62.9242	0.466108	1.20262	2.97099	1.07791	1.08836	1.39642	0.862103	0.196108	0.320478	0.207458	0.275955	0.0272913	0.229215	0.79395	2.94954	-5637.41	463.262	IGHV1-46*01	0	0		C	IGHD1-26*01	6	8	ACGGAGGGGAGCTTACTCC	IGHJ4*02	3	0	
-6118.82	81.5815	0.532473	1.20262	2.97099	1.07791	1.08836	1.39642	0.862103	0.196108	0.320478	0.207458	0.275955	0.039553	0.272588	0.842531	2.84533	-5654.73	464.086	IGHV1-46*01	0	0		C	IGHD1-26*01	6	6	GGAGGGGAGTTCACTCC	IGHJ4*02	3	0	
-6098.49	62.466	0.549499	1.20262	2.97099	1.07791	1.08836	1.39642	0.862103	0.196108	0.320478	0.207458	0.275955	0.0428892	0.283007	0.853193	2.82091	-5634.31	464.182	IGHV1-46*01	0	1		AC	IGHD1-26*01	6	6	GGAGGGGAGCTTACTCA	IGHJ4*02	3	0	
